<?xml version="1.0" encoding="UTF-8"?>
<testsuite name="TestSuite" time="1.412" tests="30" errors="0" skipped="0" failures="0">
  <properties>
    <property name="java.runtime.name" value="Java(TM) SE Runtime Environment"/>
    <property name="sun.boot.library.path" value="/usr/lib/jvm/java-8-oracle/jre/lib/amd64"/>
    <property name="java.vm.version" value="25.144-b01"/>
    <property name="java.vm.vendor" value="Oracle Corporation"/>
    <property name="java.vendor.url" value="http://java.oracle.com/"/>
    <property name="path.separator" value=":"/>
    <property name="guice.disable.misplaced.annotation.check" value="true"/>
    <property name="java.vm.name" value="Java HotSpot(TM) 64-Bit Server VM"/>
    <property name="file.encoding.pkg" value="sun.io"/>
    <property name="user.country" value="US"/>
    <property name="sun.java.launcher" value="SUN_STANDARD"/>
    <property name="sun.os.patch.level" value="unknown"/>
    <property name="java.vm.specification.name" value="Java Virtual Machine Specification"/>
    <property name="user.dir" value="/home/tobias/eclipse-workspace/final-project/calculator-tobiash"/>
    <property name="java.runtime.version" value="1.8.0_144-b01"/>
    <property name="java.awt.graphicsenv" value="sun.awt.X11GraphicsEnvironment"/>
    <property name="java.endorsed.dirs" value="/usr/lib/jvm/java-8-oracle/jre/lib/endorsed"/>
    <property name="os.arch" value="amd64"/>
    <property name="java.io.tmpdir" value="/tmp"/>
    <property name="line.separator" value="&#10;"/>
    <property name="java.vm.specification.vendor" value="Oracle Corporation"/>
    <property name="os.name" value="Linux"/>
    <property name="classworlds.conf" value="/usr/share/maven/bin/m2.conf"/>
    <property name="sun.jnu.encoding" value="UTF-8"/>
    <property name="java.library.path" value="/usr/java/packages/lib/amd64:/usr/lib64:/lib64:/lib:/usr/lib"/>
    <property name="java.specification.name" value="Java Platform API Specification"/>
    <property name="java.class.version" value="52.0"/>
    <property name="sun.management.compiler" value="HotSpot 64-Bit Tiered Compilers"/>
    <property name="os.version" value="4.4.0-31-generic"/>
    <property name="user.home" value="/home/tobias"/>
    <property name="user.timezone" value="Europe/Stockholm"/>
    <property name="java.awt.printerjob" value="sun.print.PSPrinterJob"/>
    <property name="file.encoding" value="UTF-8"/>
    <property name="java.specification.version" value="1.8"/>
    <property name="user.name" value="tobias"/>
    <property name="java.class.path" value="/usr/share/maven/boot/plexus-classworlds-2.x.jar"/>
    <property name="java.vm.specification.version" value="1.8"/>
    <property name="sun.arch.data.model" value="64"/>
    <property name="java.home" value="/usr/lib/jvm/java-8-oracle/jre"/>
    <property name="sun.java.command" value="org.codehaus.plexus.classworlds.launcher.Launcher install"/>
    <property name="java.specification.vendor" value="Oracle Corporation"/>
    <property name="user.language" value="en"/>
    <property name="awt.toolkit" value="sun.awt.X11.XToolkit"/>
    <property name="java.vm.info" value="mixed mode"/>
    <property name="java.version" value="1.8.0_144"/>
    <property name="java.ext.dirs" value="/usr/lib/jvm/java-8-oracle/jre/lib/ext:/usr/java/packages/lib/ext"/>
    <property name="securerandom.source" value="file:/dev/./urandom"/>
    <property name="sun.boot.class.path" value="/usr/lib/jvm/java-8-oracle/jre/lib/resources.jar:/usr/lib/jvm/java-8-oracle/jre/lib/rt.jar:/usr/lib/jvm/java-8-oracle/jre/lib/sunrsasign.jar:/usr/lib/jvm/java-8-oracle/jre/lib/jsse.jar:/usr/lib/jvm/java-8-oracle/jre/lib/jce.jar:/usr/lib/jvm/java-8-oracle/jre/lib/charsets.jar:/usr/lib/jvm/java-8-oracle/jre/lib/jfr.jar:/usr/lib/jvm/java-8-oracle/jre/classes"/>
    <property name="java.vendor" value="Oracle Corporation"/>
    <property name="maven.home" value="/usr/share/maven"/>
    <property name="file.separator" value="/"/>
    <property name="java.vendor.url.bug" value="http://bugreport.sun.com/bugreport/"/>
    <property name="sun.cpu.endian" value="little"/>
    <property name="sun.io.unicode.encoding" value="UnicodeLittle"/>
    <property name="sun.desktop" value="gnome"/>
    <property name="sun.cpu.isalist" value=""/>
  </properties>
  <testcase name="testDivideZeros on testDivideZeros(com.final_project.calculator_tobiash.tests.BasicCalculatorTest)" classname="com.final_project.calculator_tobiash.tests.BasicCalculatorTest" time="0.346"/>
  <testcase name="testMultiplyPositiveNumbers on testMultiplyPositiveNumbers(com.final_project.calculator_tobiash.tests.BasicCalculatorTest)" classname="com.final_project.calculator_tobiash.tests.BasicCalculatorTest" time="0.059"/>
  <testcase name="testMultiplyNegativeNumbers on testMultiplyNegativeNumbers(com.final_project.calculator_tobiash.tests.BasicCalculatorTest)" classname="com.final_project.calculator_tobiash.tests.BasicCalculatorTest" time="0.074"/>
  <testcase name="testAddZeros on testAddZeros(com.final_project.calculator_tobiash.tests.BasicCalculatorTest)" classname="com.final_project.calculator_tobiash.tests.BasicCalculatorTest" time="0.108"/>
  <testcase name="testAddPositiveNumbers on testAddPositiveNumbers(com.final_project.calculator_tobiash.tests.BasicCalculatorTest)" classname="com.final_project.calculator_tobiash.tests.BasicCalculatorTest" time="0.026"/>
  <testcase name="testAddNegativeNumbers on testAddNegativeNumbers(com.final_project.calculator_tobiash.tests.BasicCalculatorTest)" classname="com.final_project.calculator_tobiash.tests.BasicCalculatorTest" time="0.032"/>
  <testcase name="testDividePositiveNumbers on testDividePositiveNumbers(com.final_project.calculator_tobiash.tests.BasicCalculatorTest)" classname="com.final_project.calculator_tobiash.tests.BasicCalculatorTest" time="0.048"/>
  <testcase name="testDivideNegativeNumbers on testDivideNegativeNumbers(com.final_project.calculator_tobiash.tests.BasicCalculatorTest)" classname="com.final_project.calculator_tobiash.tests.BasicCalculatorTest" time="0.027"/>
  <testcase name="testSubtractPositiveNumbers on testSubtractPositiveNumbers(com.final_project.calculator_tobiash.tests.BasicCalculatorTest)" classname="com.final_project.calculator_tobiash.tests.BasicCalculatorTest" time="0.011"/>
  <testcase name="testSubtractNegativeNumbers on testSubtractNegativeNumbers(com.final_project.calculator_tobiash.tests.BasicCalculatorTest)" classname="com.final_project.calculator_tobiash.tests.BasicCalculatorTest" time="0.024"/>
  <testcase name="testMultiplyZeros on testMultiplyZeros(com.final_project.calculator_tobiash.tests.BasicCalculatorTest)" classname="com.final_project.calculator_tobiash.tests.BasicCalculatorTest" time="0.082"/>
  <testcase name="testSubtractZeros on testSubtractZeros(com.final_project.calculator_tobiash.tests.BasicCalculatorTest)" classname="com.final_project.calculator_tobiash.tests.BasicCalculatorTest" time="0.118"/>
  <testcase name="testSquarePositiveNumbers on testSquarePositiveNumbers(com.final_project.calculator_tobiash.tests.AdvancedCalculatorTest)" classname="com.final_project.calculator_tobiash.tests.AdvancedCalculatorTest" time="0.018"/>
  <testcase name="testSquareNegativeNumbers on testSquareNegativeNumbers(com.final_project.calculator_tobiash.tests.AdvancedCalculatorTest)" classname="com.final_project.calculator_tobiash.tests.AdvancedCalculatorTest" time="0.011"/>
  <testcase name="testSquareRootZero on testSquareRootZero(com.final_project.calculator_tobiash.tests.AdvancedCalculatorTest)" classname="com.final_project.calculator_tobiash.tests.AdvancedCalculatorTest" time="0.016"/>
  <testcase name="testSquareRootPositiveNumbers on testSquareRootPositiveNumbers(com.final_project.calculator_tobiash.tests.AdvancedCalculatorTest)" classname="com.final_project.calculator_tobiash.tests.AdvancedCalculatorTest" time="0.014"/>
  <testcase name="testSquareRootNegativeNumbers on testSquareRootNegativeNumbers(com.final_project.calculator_tobiash.tests.AdvancedCalculatorTest)" classname="com.final_project.calculator_tobiash.tests.AdvancedCalculatorTest" time="0.014"/>
  <testcase name="testCubeRootPositiveNumbers on testCubeRootPositiveNumbers(com.final_project.calculator_tobiash.tests.AdvancedCalculatorTest)" classname="com.final_project.calculator_tobiash.tests.AdvancedCalculatorTest" time="0.008"/>
  <testcase name="testSquareZeros on testSquareZeros(com.final_project.calculator_tobiash.tests.AdvancedCalculatorTest)" classname="com.final_project.calculator_tobiash.tests.AdvancedCalculatorTest" time="0.02"/>
  <testcase name="testCubeRootNegativeNumbers on testCubeRootNegativeNumbers(com.final_project.calculator_tobiash.tests.AdvancedCalculatorTest)" classname="com.final_project.calculator_tobiash.tests.AdvancedCalculatorTest" time="0.029"/>
  <testcase name="testRaisedttpoPositiveNumbers on testRaisedttpoPositiveNumbers(com.final_project.calculator_tobiash.tests.AdvancedCalculatorTest)" classname="com.final_project.calculator_tobiash.tests.AdvancedCalculatorTest" time="0.011"/>
  <testcase name="testRaisedttpoNegativeNumbers on testRaisedttpoNegativeNumbers(com.final_project.calculator_tobiash.tests.AdvancedCalculatorTest)" classname="com.final_project.calculator_tobiash.tests.AdvancedCalculatorTest" time="0.025"/>
  <testcase name="testRaisedttpoZeros on testRaisedttpoZeros(com.final_project.calculator_tobiash.tests.AdvancedCalculatorTest)" classname="com.final_project.calculator_tobiash.tests.AdvancedCalculatorTest" time="0.099"/>
  <testcase name="testRemainderPositiveNumbers on testRemainderPositiveNumbers(com.final_project.calculator_tobiash.tests.AdvancedCalculatorTest)" classname="com.final_project.calculator_tobiash.tests.AdvancedCalculatorTest" time="0.023"/>
  <testcase name="testRemainderZeros on testRemainderZeros(com.final_project.calculator_tobiash.tests.AdvancedCalculatorTest)" classname="com.final_project.calculator_tobiash.tests.AdvancedCalculatorTest" time="0.048"/>
  <testcase name="testRemainderNegativeNumbers on testRemainderNegativeNumbers(com.final_project.calculator_tobiash.tests.AdvancedCalculatorTest)" classname="com.final_project.calculator_tobiash.tests.AdvancedCalculatorTest" time="0.019"/>
  <testcase name="testCubeRootZero on testCubeRootZero(com.final_project.calculator_tobiash.tests.AdvancedCalculatorTest)" classname="com.final_project.calculator_tobiash.tests.AdvancedCalculatorTest" time="0.019"/>
  <testcase name="testfactorialPositiveNumbers on testfactorialPositiveNumbers(com.final_project.calculator_tobiash.tests.AdvancedCalculatorTest)" classname="com.final_project.calculator_tobiash.tests.AdvancedCalculatorTest" time="0.017"/>
  <testcase name="testfactorialNegativeNumbers on testfactorialNegativeNumbers(com.final_project.calculator_tobiash.tests.AdvancedCalculatorTest)" classname="com.final_project.calculator_tobiash.tests.AdvancedCalculatorTest" time="0.037"/>
  <testcase name="testfactorialZero on testfactorialZero(com.final_project.calculator_tobiash.tests.AdvancedCalculatorTest)" classname="com.final_project.calculator_tobiash.tests.AdvancedCalculatorTest" time="0.029"/>
</testsuite>