<?xml version="1.0" encoding="UTF-8"?>
<!-- Generated by org.testng.reporters.JUnitReportReporter -->
<testsuite hostname="tobias-VirtualBox" name="com.final_project.calculator_tobiash.tests.BasicCalculatorTest" tests="12" failures="0" timestamp="14 Dec 2017 09:24:49 GMT" time="0.954" errors="0">
  <testcase name="testDivideNegativeNumbers" time="0.026" classname="com.final_project.calculator_tobiash.tests.BasicCalculatorTest"/>
  <testcase name="testDividePositiveNumbers" time="0.048" classname="com.final_project.calculator_tobiash.tests.BasicCalculatorTest"/>
  <testcase name="testAddNegativeNumbers" time="0.033" classname="com.final_project.calculator_tobiash.tests.BasicCalculatorTest"/>
  <testcase name="testMultiplyPositiveNumbers" time="0.058" classname="com.final_project.calculator_tobiash.tests.BasicCalculatorTest"/>
  <testcase name="testMultiplyNegativeNumbers" time="0.074" classname="com.final_project.calculator_tobiash.tests.BasicCalculatorTest"/>
  <testcase name="testSubtractPositiveNumbers" time="0.011" classname="com.final_project.calculator_tobiash.tests.BasicCalculatorTest"/>
  <testcase name="testSubtractZeros" time="0.120" classname="com.final_project.calculator_tobiash.tests.BasicCalculatorTest"/>
  <testcase name="testAddZeros" time="0.106" classname="com.final_project.calculator_tobiash.tests.BasicCalculatorTest"/>
  <testcase name="testDivideZeros" time="0.346" classname="com.final_project.calculator_tobiash.tests.BasicCalculatorTest"/>
  <testcase name="testMultiplyZeros" time="0.081" classname="com.final_project.calculator_tobiash.tests.BasicCalculatorTest"/>
  <testcase name="testAddPositiveNumbers" time="0.027" classname="com.final_project.calculator_tobiash.tests.BasicCalculatorTest"/>
  <testcase name="testSubtractNegativeNumbers" time="0.024" classname="com.final_project.calculator_tobiash.tests.BasicCalculatorTest"/>
</testsuite> <!-- com.final_project.calculator_tobiash.tests.BasicCalculatorTest -->
