<?xml version="1.0" encoding="UTF-8"?>
<!-- Generated by org.testng.reporters.JUnitReportReporter -->
<testsuite hostname="tobias-VirtualBox" name="com.final_project.calculator_tobiash.tests.AdvancedCalculatorTest" tests="18" failures="0" timestamp="14 Dec 2017 09:24:49 GMT" time="0.462" errors="0">
  <testcase name="testfactorialPositiveNumbers" time="0.017" classname="com.final_project.calculator_tobiash.tests.AdvancedCalculatorTest"/>
  <testcase name="testfactorialNegativeNumbers" time="0.037" classname="com.final_project.calculator_tobiash.tests.AdvancedCalculatorTest"/>
  <testcase name="testSquarePositiveNumbers" time="0.019" classname="com.final_project.calculator_tobiash.tests.AdvancedCalculatorTest"/>
  <testcase name="testfactorialZero" time="0.029" classname="com.final_project.calculator_tobiash.tests.AdvancedCalculatorTest"/>
  <testcase name="testSquareNegativeNumbers" time="0.011" classname="com.final_project.calculator_tobiash.tests.AdvancedCalculatorTest"/>
  <testcase name="testCubeRootZero" time="0.024" classname="com.final_project.calculator_tobiash.tests.AdvancedCalculatorTest"/>
  <testcase name="testSquareRootPositiveNumbers" time="0.014" classname="com.final_project.calculator_tobiash.tests.AdvancedCalculatorTest"/>
  <testcase name="testRemainderNegativeNumbers" time="0.013" classname="com.final_project.calculator_tobiash.tests.AdvancedCalculatorTest"/>
  <testcase name="testSquareRootNegativeNumbers" time="0.015" classname="com.final_project.calculator_tobiash.tests.AdvancedCalculatorTest"/>
  <testcase name="testCubeRootNegativeNumbers" time="0.027" classname="com.final_project.calculator_tobiash.tests.AdvancedCalculatorTest"/>
  <testcase name="testRaisedttpoPositiveNumbers" time="0.011" classname="com.final_project.calculator_tobiash.tests.AdvancedCalculatorTest"/>
  <testcase name="testSquareZeros" time="0.020" classname="com.final_project.calculator_tobiash.tests.AdvancedCalculatorTest"/>
  <testcase name="testRemainderPositiveNumbers" time="0.024" classname="com.final_project.calculator_tobiash.tests.AdvancedCalculatorTest"/>
  <testcase name="testRemainderZeros" time="0.048" classname="com.final_project.calculator_tobiash.tests.AdvancedCalculatorTest"/>
  <testcase name="testRaisedttpoNegativeNumbers" time="0.031" classname="com.final_project.calculator_tobiash.tests.AdvancedCalculatorTest"/>
  <testcase name="testSquareRootZero" time="0.016" classname="com.final_project.calculator_tobiash.tests.AdvancedCalculatorTest"/>
  <testcase name="testRaisedttpoZeros" time="0.099" classname="com.final_project.calculator_tobiash.tests.AdvancedCalculatorTest"/>
  <testcase name="testCubeRootPositiveNumbers" time="0.007" classname="com.final_project.calculator_tobiash.tests.AdvancedCalculatorTest"/>
</testsuite> <!-- com.final_project.calculator_tobiash.tests.AdvancedCalculatorTest -->
